07:17:51.490 [main] DEBUG io.netty.channel.MultithreadEventLoopGroup - -Dio.netty.eventLoopThreads: 8
07:17:51.511 [main] DEBUG io.netty.channel.nio.NioEventLoop - -Dio.netty.noKeySetOptimization: false
07:17:51.511 [main] DEBUG io.netty.channel.nio.NioEventLoop - -Dio.netty.selectorAutoRebuildThreshold: 512
07:17:51.521 [main] TRACE io.netty.channel.nio.NioEventLoop - instrumented a special java.util.Set into: sun.nio.ch.WindowsSelectorImpl@5b6e8f77
07:17:51.523 [main] TRACE io.netty.channel.nio.NioEventLoop - instrumented a special java.util.Set into: sun.nio.ch.WindowsSelectorImpl@411291e5
07:17:51.551 [main] TRACE io.netty.channel.nio.NioEventLoop - instrumented a special java.util.Set into: sun.nio.ch.WindowsSelectorImpl@6e28bb87
07:17:51.552 [main] TRACE io.netty.channel.nio.NioEventLoop - instrumented a special java.util.Set into: sun.nio.ch.WindowsSelectorImpl@19f040ba
07:17:51.553 [main] TRACE io.netty.channel.nio.NioEventLoop - instrumented a special java.util.Set into: sun.nio.ch.WindowsSelectorImpl@72ab05ed
07:17:51.555 [main] TRACE io.netty.channel.nio.NioEventLoop - instrumented a special java.util.Set into: sun.nio.ch.WindowsSelectorImpl@27e32fe4
07:17:51.556 [main] TRACE io.netty.channel.nio.NioEventLoop - instrumented a special java.util.Set into: sun.nio.ch.WindowsSelectorImpl@c3c4c1c
07:17:51.557 [main] TRACE io.netty.channel.nio.NioEventLoop - instrumented a special java.util.Set into: sun.nio.ch.WindowsSelectorImpl@17d238b1
07:17:51.598 [main] DEBUG io.netty.buffer.PooledByteBufAllocator - -Dio.netty.allocator.numHeapArenas: 8
07:17:51.598 [main] DEBUG io.netty.buffer.PooledByteBufAllocator - -Dio.netty.allocator.numDirectArenas: 8
07:17:51.598 [main] DEBUG io.netty.buffer.PooledByteBufAllocator - -Dio.netty.allocator.pageSize: 8192
07:17:51.598 [main] DEBUG io.netty.buffer.PooledByteBufAllocator - -Dio.netty.allocator.maxOrder: 11
07:17:51.598 [main] DEBUG io.netty.buffer.PooledByteBufAllocator - -Dio.netty.allocator.chunkSize: 16777216
07:17:51.598 [main] DEBUG io.netty.buffer.PooledByteBufAllocator - -Dio.netty.allocator.smallCacheSize: 256
07:17:51.599 [main] DEBUG io.netty.buffer.PooledByteBufAllocator - -Dio.netty.allocator.normalCacheSize: 64
07:17:51.599 [main] DEBUG io.netty.buffer.PooledByteBufAllocator - -Dio.netty.allocator.maxCachedBufferCapacity: 32768
07:17:51.599 [main] DEBUG io.netty.buffer.PooledByteBufAllocator - -Dio.netty.allocator.cacheTrimInterval: 8192
07:17:51.599 [main] DEBUG io.netty.buffer.PooledByteBufAllocator - -Dio.netty.allocator.cacheTrimIntervalMillis: 0
07:17:51.599 [main] DEBUG io.netty.buffer.PooledByteBufAllocator - -Dio.netty.allocator.useCacheForAllThreads: true
07:17:51.599 [main] DEBUG io.netty.buffer.PooledByteBufAllocator - -Dio.netty.allocator.maxCachedByteBuffersPerChunk: 1023
07:17:51.618 [main] DEBUG io.netty.buffer.ByteBufUtil - -Dio.netty.allocator.type: pooled
07:17:51.618 [main] DEBUG io.netty.buffer.ByteBufUtil - -Dio.netty.threadLocalDirectBufferSize: 0
07:17:51.619 [main] DEBUG io.netty.buffer.ByteBufUtil - -Dio.netty.maxThreadLocalCharBufferSize: 16384
07:17:53.024 [Forwarding newSession on session null to remote] DEBUG io.netty.channel.DefaultChannelId - -Dio.netty.processId: 27184 (auto-detected)
07:17:53.026 [Forwarding newSession on session null to remote] DEBUG io.netty.util.NetUtil - -Djava.net.preferIPv4Stack: false
07:17:53.026 [Forwarding newSession on session null to remote] DEBUG io.netty.util.NetUtil - -Djava.net.preferIPv6Addresses: false
07:17:53.349 [Forwarding newSession on session null to remote] DEBUG io.netty.util.NetUtilInitializations - Loopback interface: lo (Software Loopback Interface 1, 127.0.0.1)
07:17:53.350 [Forwarding newSession on session null to remote] DEBUG io.netty.util.NetUtil - Failed to get SOMAXCONN from sysctl and file \proc\sys\net\core\somaxconn. Default: 200
07:17:53.702 [Forwarding newSession on session null to remote] DEBUG io.netty.channel.DefaultChannelId - -Dio.netty.machineId: 7c:67:a2:ff:fe:63:71:fd (auto-detected)
07:17:53.800 [AsyncHttpClient-1-2] DEBUG io.netty.buffer.AbstractByteBuf - -Dio.netty.buffer.checkAccessible: true
07:17:53.800 [AsyncHttpClient-1-2] DEBUG io.netty.buffer.AbstractByteBuf - -Dio.netty.buffer.checkBounds: true
07:17:53.800 [AsyncHttpClient-1-2] DEBUG io.netty.util.ResourceLeakDetectorFactory - Loaded default ResourceLeakDetector: io.netty.util.ResourceLeakDetector@6660b630
07:17:53.847 [AsyncHttpClient-1-2] DEBUG io.netty.util.Recycler - -Dio.netty.recycler.maxCapacityPerThread: 4096
07:17:53.847 [AsyncHttpClient-1-2] DEBUG io.netty.util.Recycler - -Dio.netty.recycler.maxSharedCapacityFactor: 2
07:17:53.848 [AsyncHttpClient-1-2] DEBUG io.netty.util.Recycler - -Dio.netty.recycler.linkCapacity: 16
07:17:53.848 [AsyncHttpClient-1-2] DEBUG io.netty.util.Recycler - -Dio.netty.recycler.ratio: 8
07:17:53.848 [AsyncHttpClient-1-2] DEBUG io.netty.util.Recycler - -Dio.netty.recycler.delayedQueue.ratio: 8
07:17:55.992 [main] DEBUG io.netty.util.internal.ThreadLocalRandom - -Dio.netty.initialSeedUniquifier: 0x29028f66c1091cdf
07:18:02.382 [main] INFO  stepDefinitions.steps - Register Account page displayed 
07:18:02.539 [main] INFO  stepDefinitions.steps - Provided First Name 
07:18:02.678 [main] INFO  stepDefinitions.steps - Provided Last Name 
07:18:02.895 [main] INFO  stepDefinitions.steps - Provided Email 
07:18:03.086 [main] INFO  stepDefinitions.steps - Provided Telephone 
07:18:03.320 [main] INFO  stepDefinitions.steps - Provided Password 
07:18:03.508 [main] INFO  stepDefinitions.steps - Provided Confrmed Password 
07:18:06.426 [main] INFO  stepDefinitions.steps - Clicked on Continue 
07:18:07.199 [main] INFO  stepDefinitions.steps - Account Registration Success 
07:29:25.014 [main] DEBUG io.netty.util.internal.logging.InternalLoggerFactory - Using Log4J2 as the default logging framework
07:29:25.028 [main] DEBUG io.netty.util.ResourceLeakDetector - -Dio.netty.leakDetection.level: simple
07:29:25.028 [main] DEBUG io.netty.util.ResourceLeakDetector - -Dio.netty.leakDetection.targetRecords: 4
07:29:25.036 [main] DEBUG io.netty.util.ResourceLeakDetectorFactory - Loaded default ResourceLeakDetector: io.netty.util.ResourceLeakDetector@66f66866
07:29:25.072 [main] DEBUG io.netty.util.internal.PlatformDependent - Platform: Windows
07:29:25.075 [main] DEBUG io.netty.util.internal.PlatformDependent0 - -Dio.netty.noUnsafe: false
07:29:25.075 [main] DEBUG io.netty.util.internal.PlatformDependent0 - Java version: 8
07:29:25.076 [main] DEBUG io.netty.util.internal.PlatformDependent0 - sun.misc.Unsafe.theUnsafe: available
07:29:25.077 [main] DEBUG io.netty.util.internal.PlatformDependent0 - sun.misc.Unsafe.copyMemory: available
07:29:25.078 [main] DEBUG io.netty.util.internal.PlatformDependent0 - java.nio.Buffer.address: available
07:29:25.079 [main] DEBUG io.netty.util.internal.PlatformDependent0 - direct buffer constructor: available
07:29:25.081 [main] DEBUG io.netty.util.internal.PlatformDependent0 - java.nio.Bits.unaligned: available, true
07:29:25.081 [main] DEBUG io.netty.util.internal.PlatformDependent0 - jdk.internal.misc.Unsafe.allocateUninitializedArray(int): unavailable prior to Java9
07:29:25.081 [main] DEBUG io.netty.util.internal.PlatformDependent0 - java.nio.DirectByteBuffer.<init>(long, int): available
07:29:25.081 [main] DEBUG io.netty.util.internal.PlatformDependent - sun.misc.Unsafe: available
07:29:25.082 [main] DEBUG io.netty.util.internal.PlatformDependent - -Dio.netty.tmpdir: C:\Users\admin\AppData\Local\Temp (java.io.tmpdir)
07:29:25.082 [main] DEBUG io.netty.util.internal.PlatformDependent - -Dio.netty.bitMode: 64 (sun.arch.data.model)
07:29:25.084 [main] DEBUG io.netty.util.internal.PlatformDependent - -Dio.netty.maxDirectMemory: 2801795072 bytes
07:29:25.084 [main] DEBUG io.netty.util.internal.PlatformDependent - -Dio.netty.uninitializedArrayAllocationThreshold: -1
07:29:25.086 [main] DEBUG io.netty.util.internal.CleanerJava6 - java.nio.ByteBuffer.cleaner(): available
07:29:25.087 [main] DEBUG io.netty.util.internal.PlatformDependent - -Dio.netty.noPreferDirect: false
07:29:25.113 [main] DEBUG io.netty.util.internal.PlatformDependent - org.jctools-core.MpscChunkedArrayQueue: available
07:29:25.143 [main] DEBUG io.netty.util.internal.InternalThreadLocalMap - -Dio.netty.threadLocalMap.stringBuilder.initialSize: 1024
07:29:25.143 [main] DEBUG io.netty.util.internal.InternalThreadLocalMap - -Dio.netty.threadLocalMap.stringBuilder.maxSize: 4096
07:29:25.194 [main] DEBUG io.netty.handler.ssl.JdkSslContext - Default protocols (JDK): [TLSv1.2, TLSv1.1, TLSv1] 
07:29:25.194 [main] DEBUG io.netty.handler.ssl.JdkSslContext - Default cipher suites (JDK): [TLS_ECDHE_ECDSA_WITH_AES_256_GCM_SHA384, TLS_ECDHE_ECDSA_WITH_AES_128_GCM_SHA256, TLS_ECDHE_RSA_WITH_AES_128_GCM_SHA256, TLS_ECDHE_RSA_WITH_AES_256_GCM_SHA384, TLS_ECDHE_RSA_WITH_AES_128_CBC_SHA, TLS_ECDHE_RSA_WITH_AES_256_CBC_SHA, TLS_RSA_WITH_AES_128_GCM_SHA256, TLS_RSA_WITH_AES_128_CBC_SHA, TLS_RSA_WITH_AES_256_CBC_SHA, TLS_AES_128_GCM_SHA256, TLS_AES_256_GCM_SHA384]
07:29:25.298 [main] DEBUG io.netty.channel.MultithreadEventLoopGroup - -Dio.netty.eventLoopThreads: 8
07:29:25.314 [main] DEBUG io.netty.channel.nio.NioEventLoop - -Dio.netty.noKeySetOptimization: false
07:29:25.314 [main] DEBUG io.netty.channel.nio.NioEventLoop - -Dio.netty.selectorAutoRebuildThreshold: 512
07:29:25.328 [main] TRACE io.netty.channel.nio.NioEventLoop - instrumented a special java.util.Set into: sun.nio.ch.WindowsSelectorImpl@7ff2b8d2
07:29:25.329 [main] TRACE io.netty.channel.nio.NioEventLoop - instrumented a special java.util.Set into: sun.nio.ch.WindowsSelectorImpl@2fb5fe30
07:29:25.331 [main] TRACE io.netty.channel.nio.NioEventLoop - instrumented a special java.util.Set into: sun.nio.ch.WindowsSelectorImpl@456be73c
07:29:25.332 [main] TRACE io.netty.channel.nio.NioEventLoop - instrumented a special java.util.Set into: sun.nio.ch.WindowsSelectorImpl@2375b321
07:29:25.333 [main] TRACE io.netty.channel.nio.NioEventLoop - instrumented a special java.util.Set into: sun.nio.ch.WindowsSelectorImpl@5baaae4c
07:29:25.335 [main] TRACE io.netty.channel.nio.NioEventLoop - instrumented a special java.util.Set into: sun.nio.ch.WindowsSelectorImpl@5b6e8f77
07:29:25.337 [main] TRACE io.netty.channel.nio.NioEventLoop - instrumented a special java.util.Set into: sun.nio.ch.WindowsSelectorImpl@41a6d121
07:29:25.338 [main] TRACE io.netty.channel.nio.NioEventLoop - instrumented a special java.util.Set into: sun.nio.ch.WindowsSelectorImpl@4f449e8f
07:29:25.382 [main] DEBUG io.netty.buffer.PooledByteBufAllocator - -Dio.netty.allocator.numHeapArenas: 8
07:29:25.382 [main] DEBUG io.netty.buffer.PooledByteBufAllocator - -Dio.netty.allocator.numDirectArenas: 8
07:29:25.382 [main] DEBUG io.netty.buffer.PooledByteBufAllocator - -Dio.netty.allocator.pageSize: 8192
07:29:25.382 [main] DEBUG io.netty.buffer.PooledByteBufAllocator - -Dio.netty.allocator.maxOrder: 11
07:29:25.382 [main] DEBUG io.netty.buffer.PooledByteBufAllocator - -Dio.netty.allocator.chunkSize: 16777216
07:29:25.382 [main] DEBUG io.netty.buffer.PooledByteBufAllocator - -Dio.netty.allocator.smallCacheSize: 256
07:29:25.383 [main] DEBUG io.netty.buffer.PooledByteBufAllocator - -Dio.netty.allocator.normalCacheSize: 64
07:29:25.383 [main] DEBUG io.netty.buffer.PooledByteBufAllocator - -Dio.netty.allocator.maxCachedBufferCapacity: 32768
07:29:25.383 [main] DEBUG io.netty.buffer.PooledByteBufAllocator - -Dio.netty.allocator.cacheTrimInterval: 8192
07:29:25.383 [main] DEBUG io.netty.buffer.PooledByteBufAllocator - -Dio.netty.allocator.cacheTrimIntervalMillis: 0
07:29:25.383 [main] DEBUG io.netty.buffer.PooledByteBufAllocator - -Dio.netty.allocator.useCacheForAllThreads: true
07:29:25.383 [main] DEBUG io.netty.buffer.PooledByteBufAllocator - -Dio.netty.allocator.maxCachedByteBuffersPerChunk: 1023
07:29:25.401 [main] DEBUG io.netty.buffer.ByteBufUtil - -Dio.netty.allocator.type: pooled
07:29:25.401 [main] DEBUG io.netty.buffer.ByteBufUtil - -Dio.netty.threadLocalDirectBufferSize: 0
07:29:25.401 [main] DEBUG io.netty.buffer.ByteBufUtil - -Dio.netty.maxThreadLocalCharBufferSize: 16384
07:29:26.567 [Forwarding newSession on session null to remote] DEBUG io.netty.channel.DefaultChannelId - -Dio.netty.processId: 8336 (auto-detected)
07:29:26.571 [Forwarding newSession on session null to remote] DEBUG io.netty.util.NetUtil - -Djava.net.preferIPv4Stack: false
07:29:26.571 [Forwarding newSession on session null to remote] DEBUG io.netty.util.NetUtil - -Djava.net.preferIPv6Addresses: false
07:29:26.900 [Forwarding newSession on session null to remote] DEBUG io.netty.util.NetUtilInitializations - Loopback interface: lo (Software Loopback Interface 1, 127.0.0.1)
07:29:26.901 [Forwarding newSession on session null to remote] DEBUG io.netty.util.NetUtil - Failed to get SOMAXCONN from sysctl and file \proc\sys\net\core\somaxconn. Default: 200
07:29:27.262 [Forwarding newSession on session null to remote] DEBUG io.netty.channel.DefaultChannelId - -Dio.netty.machineId: 7c:67:a2:ff:fe:63:71:fd (auto-detected)
07:29:27.335 [AsyncHttpClient-1-2] DEBUG io.netty.buffer.AbstractByteBuf - -Dio.netty.buffer.checkAccessible: true
07:29:27.335 [AsyncHttpClient-1-2] DEBUG io.netty.buffer.AbstractByteBuf - -Dio.netty.buffer.checkBounds: true
07:29:27.335 [AsyncHttpClient-1-2] DEBUG io.netty.util.ResourceLeakDetectorFactory - Loaded default ResourceLeakDetector: io.netty.util.ResourceLeakDetector@67c5eb91
07:29:27.386 [AsyncHttpClient-1-2] DEBUG io.netty.util.Recycler - -Dio.netty.recycler.maxCapacityPerThread: 4096
07:29:27.386 [AsyncHttpClient-1-2] DEBUG io.netty.util.Recycler - -Dio.netty.recycler.maxSharedCapacityFactor: 2
07:29:27.386 [AsyncHttpClient-1-2] DEBUG io.netty.util.Recycler - -Dio.netty.recycler.linkCapacity: 16
07:29:27.386 [AsyncHttpClient-1-2] DEBUG io.netty.util.Recycler - -Dio.netty.recycler.ratio: 8
07:29:27.387 [AsyncHttpClient-1-2] DEBUG io.netty.util.Recycler - -Dio.netty.recycler.delayedQueue.ratio: 8
07:29:29.759 [main] DEBUG io.netty.util.internal.ThreadLocalRandom - -Dio.netty.initialSeedUniquifier: 0x3622e42df16c1957
07:29:36.962 [main] INFO  stepDefinitions.steps - Register Account page displayed 
07:29:37.222 [main] INFO  stepDefinitions.steps - Provided First Name 
07:29:37.376 [main] INFO  stepDefinitions.steps - Provided Last Name 
07:29:37.585 [main] INFO  stepDefinitions.steps - Provided Email 
07:29:37.741 [main] INFO  stepDefinitions.steps - Provided Telephone 
07:29:37.966 [main] INFO  stepDefinitions.steps - Provided Password 
07:29:38.154 [main] INFO  stepDefinitions.steps - Provided Confrmed Password 
07:29:41.073 [main] INFO  stepDefinitions.steps - Clicked on Continue 
07:29:41.479 [main] INFO  stepDefinitions.steps - Account Registration Success 
07:29:51.030 [main] INFO  stepDefinitions.steps - clicked on login link
07:29:51.500 [main] INFO  stepDefinitions.steps - Provided Email 
07:29:51.665 [main] INFO  stepDefinitions.steps - Provided Password 
07:29:54.331 [main] INFO  stepDefinitions.steps - Clicked on Login button
07:29:55.043 [main] INFO  stepDefinitions.steps - Login Success 
07:29:55.259 [AsyncHttpClient-1-4] DEBUG io.netty.buffer.PoolThreadCache - Freed 3 thread-local buffer(s) from thread: AsyncHttpClient-1-4
07:29:55.259 [AsyncHttpClient-1-3] DEBUG io.netty.buffer.PoolThreadCache - Freed 2 thread-local buffer(s) from thread: AsyncHttpClient-1-3
07:31:13.302 [main] DEBUG io.netty.util.internal.logging.InternalLoggerFactory - Using Log4J2 as the default logging framework
07:31:13.318 [main] DEBUG io.netty.util.ResourceLeakDetector - -Dio.netty.leakDetection.level: simple
07:31:13.318 [main] DEBUG io.netty.util.ResourceLeakDetector - -Dio.netty.leakDetection.targetRecords: 4
07:31:13.325 [main] DEBUG io.netty.util.ResourceLeakDetectorFactory - Loaded default ResourceLeakDetector: io.netty.util.ResourceLeakDetector@28f8e165
07:31:13.354 [main] DEBUG io.netty.util.internal.PlatformDependent - Platform: Windows
07:31:13.356 [main] DEBUG io.netty.util.internal.PlatformDependent0 - -Dio.netty.noUnsafe: false
07:31:13.357 [main] DEBUG io.netty.util.internal.PlatformDependent0 - Java version: 8
07:31:13.362 [main] DEBUG io.netty.util.internal.PlatformDependent0 - sun.misc.Unsafe.theUnsafe: available
07:31:13.364 [main] DEBUG io.netty.util.internal.PlatformDependent0 - sun.misc.Unsafe.copyMemory: available
07:31:13.366 [main] DEBUG io.netty.util.internal.PlatformDependent0 - java.nio.Buffer.address: available
07:31:13.368 [main] DEBUG io.netty.util.internal.PlatformDependent0 - direct buffer constructor: available
07:31:13.370 [main] DEBUG io.netty.util.internal.PlatformDependent0 - java.nio.Bits.unaligned: available, true
07:31:13.370 [main] DEBUG io.netty.util.internal.PlatformDependent0 - jdk.internal.misc.Unsafe.allocateUninitializedArray(int): unavailable prior to Java9
07:31:13.370 [main] DEBUG io.netty.util.internal.PlatformDependent0 - java.nio.DirectByteBuffer.<init>(long, int): available
07:31:13.370 [main] DEBUG io.netty.util.internal.PlatformDependent - sun.misc.Unsafe: available
07:31:13.371 [main] DEBUG io.netty.util.internal.PlatformDependent - -Dio.netty.tmpdir: C:\Users\admin\AppData\Local\Temp (java.io.tmpdir)
07:31:13.371 [main] DEBUG io.netty.util.internal.PlatformDependent - -Dio.netty.bitMode: 64 (sun.arch.data.model)
07:31:13.372 [main] DEBUG io.netty.util.internal.PlatformDependent - -Dio.netty.maxDirectMemory: 2801795072 bytes
07:31:13.373 [main] DEBUG io.netty.util.internal.PlatformDependent - -Dio.netty.uninitializedArrayAllocationThreshold: -1
07:31:13.374 [main] DEBUG io.netty.util.internal.CleanerJava6 - java.nio.ByteBuffer.cleaner(): available
07:31:13.374 [main] DEBUG io.netty.util.internal.PlatformDependent - -Dio.netty.noPreferDirect: false
07:31:13.389 [main] DEBUG io.netty.util.internal.PlatformDependent - org.jctools-core.MpscChunkedArrayQueue: available
07:31:13.418 [main] DEBUG io.netty.util.internal.InternalThreadLocalMap - -Dio.netty.threadLocalMap.stringBuilder.initialSize: 1024
07:31:13.418 [main] DEBUG io.netty.util.internal.InternalThreadLocalMap - -Dio.netty.threadLocalMap.stringBuilder.maxSize: 4096
07:31:13.457 [main] DEBUG io.netty.handler.ssl.JdkSslContext - Default protocols (JDK): [TLSv1.2, TLSv1.1, TLSv1] 
07:31:13.457 [main] DEBUG io.netty.handler.ssl.JdkSslContext - Default cipher suites (JDK): [TLS_ECDHE_ECDSA_WITH_AES_256_GCM_SHA384, TLS_ECDHE_ECDSA_WITH_AES_128_GCM_SHA256, TLS_ECDHE_RSA_WITH_AES_128_GCM_SHA256, TLS_ECDHE_RSA_WITH_AES_256_GCM_SHA384, TLS_ECDHE_RSA_WITH_AES_128_CBC_SHA, TLS_ECDHE_RSA_WITH_AES_256_CBC_SHA, TLS_RSA_WITH_AES_128_GCM_SHA256, TLS_RSA_WITH_AES_128_CBC_SHA, TLS_RSA_WITH_AES_256_CBC_SHA, TLS_AES_128_GCM_SHA256, TLS_AES_256_GCM_SHA384]
07:31:13.524 [main] DEBUG io.netty.channel.MultithreadEventLoopGroup - -Dio.netty.eventLoopThreads: 8
07:31:13.545 [main] DEBUG io.netty.channel.nio.NioEventLoop - -Dio.netty.noKeySetOptimization: false
07:31:13.545 [main] DEBUG io.netty.channel.nio.NioEventLoop - -Dio.netty.selectorAutoRebuildThreshold: 512
07:31:13.560 [main] TRACE io.netty.channel.nio.NioEventLoop - instrumented a special java.util.Set into: sun.nio.ch.WindowsSelectorImpl@14faa38c
07:31:13.563 [main] TRACE io.netty.channel.nio.NioEventLoop - instrumented a special java.util.Set into: sun.nio.ch.WindowsSelectorImpl@6e92c6ad
07:31:13.564 [main] TRACE io.netty.channel.nio.NioEventLoop - instrumented a special java.util.Set into: sun.nio.ch.WindowsSelectorImpl@2fb5fe30
07:31:13.565 [main] TRACE io.netty.channel.nio.NioEventLoop - instrumented a special java.util.Set into: sun.nio.ch.WindowsSelectorImpl@456be73c
07:31:13.566 [main] TRACE io.netty.channel.nio.NioEventLoop - instrumented a special java.util.Set into: sun.nio.ch.WindowsSelectorImpl@2375b321
07:31:13.568 [main] TRACE io.netty.channel.nio.NioEventLoop - instrumented a special java.util.Set into: sun.nio.ch.WindowsSelectorImpl@5baaae4c
07:31:13.570 [main] TRACE io.netty.channel.nio.NioEventLoop - instrumented a special java.util.Set into: sun.nio.ch.WindowsSelectorImpl@5b6e8f77
07:31:13.571 [main] TRACE io.netty.channel.nio.NioEventLoop - instrumented a special java.util.Set into: sun.nio.ch.WindowsSelectorImpl@41a6d121
07:31:13.612 [main] DEBUG io.netty.buffer.PooledByteBufAllocator - -Dio.netty.allocator.numHeapArenas: 8
07:31:13.613 [main] DEBUG io.netty.buffer.PooledByteBufAllocator - -Dio.netty.allocator.numDirectArenas: 8
07:31:13.613 [main] DEBUG io.netty.buffer.PooledByteBufAllocator - -Dio.netty.allocator.pageSize: 8192
07:31:13.613 [main] DEBUG io.netty.buffer.PooledByteBufAllocator - -Dio.netty.allocator.maxOrder: 11
07:31:13.613 [main] DEBUG io.netty.buffer.PooledByteBufAllocator - -Dio.netty.allocator.chunkSize: 16777216
07:31:13.613 [main] DEBUG io.netty.buffer.PooledByteBufAllocator - -Dio.netty.allocator.smallCacheSize: 256
07:31:13.613 [main] DEBUG io.netty.buffer.PooledByteBufAllocator - -Dio.netty.allocator.normalCacheSize: 64
07:31:13.613 [main] DEBUG io.netty.buffer.PooledByteBufAllocator - -Dio.netty.allocator.maxCachedBufferCapacity: 32768
07:31:13.613 [main] DEBUG io.netty.buffer.PooledByteBufAllocator - -Dio.netty.allocator.cacheTrimInterval: 8192
07:31:13.613 [main] DEBUG io.netty.buffer.PooledByteBufAllocator - -Dio.netty.allocator.cacheTrimIntervalMillis: 0
07:31:13.613 [main] DEBUG io.netty.buffer.PooledByteBufAllocator - -Dio.netty.allocator.useCacheForAllThreads: true
07:31:13.614 [main] DEBUG io.netty.buffer.PooledByteBufAllocator - -Dio.netty.allocator.maxCachedByteBuffersPerChunk: 1023
07:31:13.646 [main] DEBUG io.netty.buffer.ByteBufUtil - -Dio.netty.allocator.type: pooled
07:31:13.646 [main] DEBUG io.netty.buffer.ByteBufUtil - -Dio.netty.threadLocalDirectBufferSize: 0
07:31:13.646 [main] DEBUG io.netty.buffer.ByteBufUtil - -Dio.netty.maxThreadLocalCharBufferSize: 16384
07:31:14.675 [Forwarding newSession on session null to remote] DEBUG io.netty.channel.DefaultChannelId - -Dio.netty.processId: 11560 (auto-detected)
07:31:14.677 [Forwarding newSession on session null to remote] DEBUG io.netty.util.NetUtil - -Djava.net.preferIPv4Stack: false
07:31:14.678 [Forwarding newSession on session null to remote] DEBUG io.netty.util.NetUtil - -Djava.net.preferIPv6Addresses: false
07:31:15.048 [Forwarding newSession on session null to remote] DEBUG io.netty.util.NetUtilInitializations - Loopback interface: lo (Software Loopback Interface 1, 127.0.0.1)
07:31:15.049 [Forwarding newSession on session null to remote] DEBUG io.netty.util.NetUtil - Failed to get SOMAXCONN from sysctl and file \proc\sys\net\core\somaxconn. Default: 200
07:31:15.478 [Forwarding newSession on session null to remote] DEBUG io.netty.channel.DefaultChannelId - -Dio.netty.machineId: 7c:67:a2:ff:fe:63:71:fd (auto-detected)
07:31:15.555 [AsyncHttpClient-1-2] DEBUG io.netty.buffer.AbstractByteBuf - -Dio.netty.buffer.checkAccessible: true
07:31:15.555 [AsyncHttpClient-1-2] DEBUG io.netty.buffer.AbstractByteBuf - -Dio.netty.buffer.checkBounds: true
07:31:15.555 [AsyncHttpClient-1-2] DEBUG io.netty.util.ResourceLeakDetectorFactory - Loaded default ResourceLeakDetector: io.netty.util.ResourceLeakDetector@5ff12880
07:31:15.600 [AsyncHttpClient-1-2] DEBUG io.netty.util.Recycler - -Dio.netty.recycler.maxCapacityPerThread: 4096
07:31:15.600 [AsyncHttpClient-1-2] DEBUG io.netty.util.Recycler - -Dio.netty.recycler.maxSharedCapacityFactor: 2
07:31:15.600 [AsyncHttpClient-1-2] DEBUG io.netty.util.Recycler - -Dio.netty.recycler.linkCapacity: 16
07:31:15.600 [AsyncHttpClient-1-2] DEBUG io.netty.util.Recycler - -Dio.netty.recycler.ratio: 8
07:31:15.600 [AsyncHttpClient-1-2] DEBUG io.netty.util.Recycler - -Dio.netty.recycler.delayedQueue.ratio: 8
07:31:17.355 [main] DEBUG io.netty.util.internal.ThreadLocalRandom - -Dio.netty.initialSeedUniquifier: 0xa920e26fc1a2bfe8
07:31:22.466 [main] INFO  stepDefinitions.steps - Register Account page displayed 
07:31:22.620 [main] INFO  stepDefinitions.steps - Provided First Name 
07:31:22.881 [main] INFO  stepDefinitions.steps - Provided Last Name 
07:31:23.083 [main] INFO  stepDefinitions.steps - Provided Email 
07:31:23.221 [main] INFO  stepDefinitions.steps - Provided Telephone 
07:31:23.392 [main] INFO  stepDefinitions.steps - Provided Password 
07:31:23.612 [main] INFO  stepDefinitions.steps - Provided Confrmed Password 
07:31:26.471 [main] INFO  stepDefinitions.steps - Clicked on Continue 
07:31:27.006 [main] INFO  stepDefinitions.steps - Account Registration Success 
07:31:34.803 [main] INFO  stepDefinitions.steps - clicked on login link
07:31:35.251 [main] INFO  stepDefinitions.steps - Provided Email 
07:31:35.425 [main] INFO  stepDefinitions.steps - Provided Password 
07:31:38.141 [main] INFO  stepDefinitions.steps - Clicked on Login button
07:31:38.751 [main] INFO  stepDefinitions.steps - Login Success 
07:31:38.873 [AsyncHttpClient-1-4] DEBUG io.netty.buffer.PoolThreadCache - Freed 3 thread-local buffer(s) from thread: AsyncHttpClient-1-4
07:31:38.873 [AsyncHttpClient-1-3] DEBUG io.netty.buffer.PoolThreadCache - Freed 2 thread-local buffer(s) from thread: AsyncHttpClient-1-3
07:38:26.664 [pool-2-thread-1] DEBUG io.netty.util.internal.logging.InternalLoggerFactory - Using Log4J2 as the default logging framework
07:38:26.676 [pool-2-thread-1] DEBUG io.netty.util.ResourceLeakDetector - -Dio.netty.leakDetection.level: simple
07:38:26.676 [pool-2-thread-1] DEBUG io.netty.util.ResourceLeakDetector - -Dio.netty.leakDetection.targetRecords: 4
07:38:26.681 [pool-2-thread-1] DEBUG io.netty.util.ResourceLeakDetectorFactory - Loaded default ResourceLeakDetector: io.netty.util.ResourceLeakDetector@63574df
07:38:26.700 [pool-2-thread-1] DEBUG io.netty.util.internal.PlatformDependent - Platform: Windows
07:38:26.702 [pool-2-thread-1] DEBUG io.netty.util.internal.PlatformDependent0 - -Dio.netty.noUnsafe: false
07:38:26.702 [pool-2-thread-1] DEBUG io.netty.util.internal.PlatformDependent0 - Java version: 8
07:38:26.703 [pool-2-thread-1] DEBUG io.netty.util.internal.PlatformDependent0 - sun.misc.Unsafe.theUnsafe: available
07:38:26.704 [pool-2-thread-1] DEBUG io.netty.util.internal.PlatformDependent0 - sun.misc.Unsafe.copyMemory: available
07:38:26.705 [pool-2-thread-1] DEBUG io.netty.util.internal.PlatformDependent0 - java.nio.Buffer.address: available
07:38:26.706 [pool-2-thread-1] DEBUG io.netty.util.internal.PlatformDependent0 - direct buffer constructor: available
07:38:26.707 [pool-2-thread-1] DEBUG io.netty.util.internal.PlatformDependent0 - java.nio.Bits.unaligned: available, true
07:38:26.707 [pool-2-thread-1] DEBUG io.netty.util.internal.PlatformDependent0 - jdk.internal.misc.Unsafe.allocateUninitializedArray(int): unavailable prior to Java9
07:38:26.707 [pool-2-thread-1] DEBUG io.netty.util.internal.PlatformDependent0 - java.nio.DirectByteBuffer.<init>(long, int): available
07:38:26.707 [pool-2-thread-1] DEBUG io.netty.util.internal.PlatformDependent - sun.misc.Unsafe: available
07:38:26.708 [pool-2-thread-1] DEBUG io.netty.util.internal.PlatformDependent - -Dio.netty.tmpdir: C:\Users\admin\AppData\Local\Temp (java.io.tmpdir)
07:38:26.708 [pool-2-thread-1] DEBUG io.netty.util.internal.PlatformDependent - -Dio.netty.bitMode: 64 (sun.arch.data.model)
07:38:26.709 [pool-2-thread-1] DEBUG io.netty.util.internal.PlatformDependent - -Dio.netty.maxDirectMemory: 2801795072 bytes
07:38:26.709 [pool-2-thread-1] DEBUG io.netty.util.internal.PlatformDependent - -Dio.netty.uninitializedArrayAllocationThreshold: -1
07:38:26.710 [pool-2-thread-1] DEBUG io.netty.util.internal.CleanerJava6 - java.nio.ByteBuffer.cleaner(): available
07:38:26.711 [pool-2-thread-1] DEBUG io.netty.util.internal.PlatformDependent - -Dio.netty.noPreferDirect: false
07:38:26.722 [pool-2-thread-1] DEBUG io.netty.util.internal.PlatformDependent - org.jctools-core.MpscChunkedArrayQueue: available
07:38:26.758 [pool-2-thread-1] DEBUG io.netty.util.internal.InternalThreadLocalMap - -Dio.netty.threadLocalMap.stringBuilder.initialSize: 1024
07:38:26.758 [pool-2-thread-1] DEBUG io.netty.util.internal.InternalThreadLocalMap - -Dio.netty.threadLocalMap.stringBuilder.maxSize: 4096
07:38:26.793 [pool-2-thread-1] DEBUG io.netty.handler.ssl.JdkSslContext - Default protocols (JDK): [TLSv1.2, TLSv1.1, TLSv1] 
07:38:26.793 [pool-2-thread-1] DEBUG io.netty.handler.ssl.JdkSslContext - Default cipher suites (JDK): [TLS_ECDHE_ECDSA_WITH_AES_256_GCM_SHA384, TLS_ECDHE_ECDSA_WITH_AES_128_GCM_SHA256, TLS_ECDHE_RSA_WITH_AES_128_GCM_SHA256, TLS_ECDHE_RSA_WITH_AES_256_GCM_SHA384, TLS_ECDHE_RSA_WITH_AES_128_CBC_SHA, TLS_ECDHE_RSA_WITH_AES_256_CBC_SHA, TLS_RSA_WITH_AES_128_GCM_SHA256, TLS_RSA_WITH_AES_128_CBC_SHA, TLS_RSA_WITH_AES_256_CBC_SHA, TLS_AES_128_GCM_SHA256, TLS_AES_256_GCM_SHA384]
07:38:26.842 [pool-2-thread-1] DEBUG io.netty.channel.MultithreadEventLoopGroup - -Dio.netty.eventLoopThreads: 8
07:38:26.856 [pool-2-thread-1] DEBUG io.netty.channel.nio.NioEventLoop - -Dio.netty.noKeySetOptimization: false
07:38:26.857 [pool-2-thread-1] DEBUG io.netty.channel.nio.NioEventLoop - -Dio.netty.selectorAutoRebuildThreshold: 512
07:38:26.875 [pool-2-thread-1] TRACE io.netty.channel.nio.NioEventLoop - instrumented a special java.util.Set into: sun.nio.ch.WindowsSelectorImpl@2fa9be68
07:38:26.877 [pool-2-thread-1] TRACE io.netty.channel.nio.NioEventLoop - instrumented a special java.util.Set into: sun.nio.ch.WindowsSelectorImpl@58c7d6e9
07:38:26.879 [pool-2-thread-1] TRACE io.netty.channel.nio.NioEventLoop - instrumented a special java.util.Set into: sun.nio.ch.WindowsSelectorImpl@3a7f7967
07:38:26.880 [pool-2-thread-1] TRACE io.netty.channel.nio.NioEventLoop - instrumented a special java.util.Set into: sun.nio.ch.WindowsSelectorImpl@2645609
07:38:26.882 [pool-2-thread-1] TRACE io.netty.channel.nio.NioEventLoop - instrumented a special java.util.Set into: sun.nio.ch.WindowsSelectorImpl@3c187100
07:38:26.883 [pool-2-thread-1] TRACE io.netty.channel.nio.NioEventLoop - instrumented a special java.util.Set into: sun.nio.ch.WindowsSelectorImpl@5a0e88f4
07:38:26.884 [pool-2-thread-1] TRACE io.netty.channel.nio.NioEventLoop - instrumented a special java.util.Set into: sun.nio.ch.WindowsSelectorImpl@1bfb6693
07:38:26.886 [pool-2-thread-1] TRACE io.netty.channel.nio.NioEventLoop - instrumented a special java.util.Set into: sun.nio.ch.WindowsSelectorImpl@3b0fbffb
07:38:26.926 [pool-2-thread-1] DEBUG io.netty.buffer.PooledByteBufAllocator - -Dio.netty.allocator.numHeapArenas: 8
07:38:26.926 [pool-2-thread-1] DEBUG io.netty.buffer.PooledByteBufAllocator - -Dio.netty.allocator.numDirectArenas: 8
07:38:26.926 [pool-2-thread-1] DEBUG io.netty.buffer.PooledByteBufAllocator - -Dio.netty.allocator.pageSize: 8192
07:38:26.926 [pool-2-thread-1] DEBUG io.netty.buffer.PooledByteBufAllocator - -Dio.netty.allocator.maxOrder: 11
07:38:26.926 [pool-2-thread-1] DEBUG io.netty.buffer.PooledByteBufAllocator - -Dio.netty.allocator.chunkSize: 16777216
07:38:26.926 [pool-2-thread-1] DEBUG io.netty.buffer.PooledByteBufAllocator - -Dio.netty.allocator.smallCacheSize: 256
07:38:26.926 [pool-2-thread-1] DEBUG io.netty.buffer.PooledByteBufAllocator - -Dio.netty.allocator.normalCacheSize: 64
07:38:26.926 [pool-2-thread-1] DEBUG io.netty.buffer.PooledByteBufAllocator - -Dio.netty.allocator.maxCachedBufferCapacity: 32768
07:38:26.927 [pool-2-thread-1] DEBUG io.netty.buffer.PooledByteBufAllocator - -Dio.netty.allocator.cacheTrimInterval: 8192
07:38:26.927 [pool-2-thread-1] DEBUG io.netty.buffer.PooledByteBufAllocator - -Dio.netty.allocator.cacheTrimIntervalMillis: 0
07:38:26.927 [pool-2-thread-1] DEBUG io.netty.buffer.PooledByteBufAllocator - -Dio.netty.allocator.useCacheForAllThreads: true
07:38:26.927 [pool-2-thread-1] DEBUG io.netty.buffer.PooledByteBufAllocator - -Dio.netty.allocator.maxCachedByteBuffersPerChunk: 1023
07:38:26.950 [pool-2-thread-1] DEBUG io.netty.buffer.ByteBufUtil - -Dio.netty.allocator.type: pooled
07:38:26.950 [pool-2-thread-1] DEBUG io.netty.buffer.ByteBufUtil - -Dio.netty.threadLocalDirectBufferSize: 0
07:38:26.950 [pool-2-thread-1] DEBUG io.netty.buffer.ByteBufUtil - -Dio.netty.maxThreadLocalCharBufferSize: 16384
07:38:28.157 [Forwarding newSession on session null to remote] DEBUG io.netty.channel.DefaultChannelId - -Dio.netty.processId: 23980 (auto-detected)
07:38:28.160 [Forwarding newSession on session null to remote] DEBUG io.netty.util.NetUtil - -Djava.net.preferIPv4Stack: false
07:38:28.160 [Forwarding newSession on session null to remote] DEBUG io.netty.util.NetUtil - -Djava.net.preferIPv6Addresses: false
07:38:28.474 [Forwarding newSession on session null to remote] DEBUG io.netty.util.NetUtilInitializations - Loopback interface: lo (Software Loopback Interface 1, 127.0.0.1)
07:38:28.477 [Forwarding newSession on session null to remote] DEBUG io.netty.util.NetUtil - Failed to get SOMAXCONN from sysctl and file \proc\sys\net\core\somaxconn. Default: 200
07:38:28.819 [Forwarding newSession on session null to remote] DEBUG io.netty.channel.DefaultChannelId - -Dio.netty.machineId: 7c:67:a2:ff:fe:63:71:fd (auto-detected)
07:38:28.897 [AsyncHttpClient-1-3] DEBUG io.netty.buffer.AbstractByteBuf - -Dio.netty.buffer.checkAccessible: true
07:38:28.897 [AsyncHttpClient-1-3] DEBUG io.netty.buffer.AbstractByteBuf - -Dio.netty.buffer.checkBounds: true
07:38:28.897 [AsyncHttpClient-1-3] DEBUG io.netty.util.ResourceLeakDetectorFactory - Loaded default ResourceLeakDetector: io.netty.util.ResourceLeakDetector@631a0cbe
07:38:28.937 [AsyncHttpClient-1-2] DEBUG io.netty.util.Recycler - -Dio.netty.recycler.maxCapacityPerThread: 4096
07:38:28.938 [AsyncHttpClient-1-2] DEBUG io.netty.util.Recycler - -Dio.netty.recycler.maxSharedCapacityFactor: 2
07:38:28.938 [AsyncHttpClient-1-2] DEBUG io.netty.util.Recycler - -Dio.netty.recycler.linkCapacity: 16
07:38:28.938 [AsyncHttpClient-1-2] DEBUG io.netty.util.Recycler - -Dio.netty.recycler.ratio: 8
07:38:28.938 [AsyncHttpClient-1-2] DEBUG io.netty.util.Recycler - -Dio.netty.recycler.delayedQueue.ratio: 8
07:38:31.953 [pool-2-thread-2] DEBUG io.netty.util.internal.ThreadLocalRandom - -Dio.netty.initialSeedUniquifier: 0x34edfd95a7ae780b
07:38:40.811 [pool-2-thread-2] INFO  stepDefinitions.steps - clicked on login link
07:38:41.492 [pool-2-thread-1] INFO  stepDefinitions.steps - Register Account page displayed 
07:38:41.593 [pool-2-thread-2] INFO  stepDefinitions.steps - Provided Email 
07:38:41.709 [pool-2-thread-1] INFO  stepDefinitions.steps - Provided First Name 
07:38:41.987 [pool-2-thread-2] INFO  stepDefinitions.steps - Provided Password 
07:38:42.105 [pool-2-thread-1] INFO  stepDefinitions.steps - Provided Last Name 
07:38:42.564 [pool-2-thread-1] INFO  stepDefinitions.steps - Provided Email 
07:38:42.722 [pool-2-thread-1] INFO  stepDefinitions.steps - Provided Telephone 
07:38:42.908 [pool-2-thread-1] INFO  stepDefinitions.steps - Provided Password 
07:38:43.133 [pool-2-thread-1] INFO  stepDefinitions.steps - Provided Confrmed Password 
07:38:46.183 [pool-2-thread-2] INFO  stepDefinitions.steps - Clicked on Login button
07:38:46.339 [pool-2-thread-1] INFO  stepDefinitions.steps - Clicked on Continue 
07:38:47.236 [pool-2-thread-1] INFO  stepDefinitions.steps - Account Registration Success 
07:38:50.683 [pool-2-thread-2] INFO  stepDefinitions.steps - Login Success 
07:38:51.403 [AsyncHttpClient-1-4] DEBUG io.netty.buffer.PoolThreadCache - Freed 2 thread-local buffer(s) from thread: AsyncHttpClient-1-4
07:38:51.403 [AsyncHttpClient-1-6] DEBUG io.netty.buffer.PoolThreadCache - Freed 3 thread-local buffer(s) from thread: AsyncHttpClient-1-6
07:38:51.404 [AsyncHttpClient-1-5] DEBUG io.netty.buffer.PoolThreadCache - Freed 2 thread-local buffer(s) from thread: AsyncHttpClient-1-5
07:38:51.405 [AsyncHttpClient-1-7] DEBUG io.netty.buffer.PoolThreadCache - Freed 3 thread-local buffer(s) from thread: AsyncHttpClient-1-7
07:54:59.456 [pool-2-thread-1] DEBUG io.netty.util.internal.logging.InternalLoggerFactory - Using Log4J2 as the default logging framework
07:54:59.498 [pool-2-thread-1] DEBUG io.netty.util.ResourceLeakDetector - -Dio.netty.leakDetection.level: simple
07:54:59.499 [pool-2-thread-1] DEBUG io.netty.util.ResourceLeakDetector - -Dio.netty.leakDetection.targetRecords: 4
07:54:59.504 [pool-2-thread-1] DEBUG io.netty.util.ResourceLeakDetectorFactory - Loaded default ResourceLeakDetector: io.netty.util.ResourceLeakDetector@7a0d3291
07:54:59.546 [pool-2-thread-1] DEBUG io.netty.util.internal.PlatformDependent - Platform: Windows
07:54:59.549 [pool-2-thread-1] DEBUG io.netty.util.internal.PlatformDependent0 - -Dio.netty.noUnsafe: false
07:54:59.549 [pool-2-thread-1] DEBUG io.netty.util.internal.PlatformDependent0 - Java version: 8
07:54:59.550 [pool-2-thread-1] DEBUG io.netty.util.internal.PlatformDependent0 - sun.misc.Unsafe.theUnsafe: available
07:54:59.551 [pool-2-thread-1] DEBUG io.netty.util.internal.PlatformDependent0 - sun.misc.Unsafe.copyMemory: available
07:54:59.552 [pool-2-thread-1] DEBUG io.netty.util.internal.PlatformDependent0 - java.nio.Buffer.address: available
07:54:59.552 [pool-2-thread-1] DEBUG io.netty.util.internal.PlatformDependent0 - direct buffer constructor: available
07:54:59.554 [pool-2-thread-1] DEBUG io.netty.util.internal.PlatformDependent0 - java.nio.Bits.unaligned: available, true
07:54:59.554 [pool-2-thread-1] DEBUG io.netty.util.internal.PlatformDependent0 - jdk.internal.misc.Unsafe.allocateUninitializedArray(int): unavailable prior to Java9
07:54:59.554 [pool-2-thread-1] DEBUG io.netty.util.internal.PlatformDependent0 - java.nio.DirectByteBuffer.<init>(long, int): available
07:54:59.554 [pool-2-thread-1] DEBUG io.netty.util.internal.PlatformDependent - sun.misc.Unsafe: available
07:54:59.580 [pool-2-thread-1] DEBUG io.netty.util.internal.PlatformDependent - -Dio.netty.tmpdir: C:\Users\admin\AppData\Local\Temp (java.io.tmpdir)
07:54:59.581 [pool-2-thread-1] DEBUG io.netty.util.internal.PlatformDependent - -Dio.netty.bitMode: 64 (sun.arch.data.model)
07:54:59.583 [pool-2-thread-1] DEBUG io.netty.util.internal.PlatformDependent - -Dio.netty.maxDirectMemory: 2801795072 bytes
07:54:59.583 [pool-2-thread-1] DEBUG io.netty.util.internal.PlatformDependent - -Dio.netty.uninitializedArrayAllocationThreshold: -1
07:54:59.585 [pool-2-thread-1] DEBUG io.netty.util.internal.CleanerJava6 - java.nio.ByteBuffer.cleaner(): available
07:54:59.585 [pool-2-thread-1] DEBUG io.netty.util.internal.PlatformDependent - -Dio.netty.noPreferDirect: false
07:54:59.599 [pool-2-thread-1] DEBUG io.netty.util.internal.PlatformDependent - org.jctools-core.MpscChunkedArrayQueue: available
07:54:59.640 [pool-2-thread-1] DEBUG io.netty.util.internal.InternalThreadLocalMap - -Dio.netty.threadLocalMap.stringBuilder.initialSize: 1024
07:54:59.640 [pool-2-thread-1] DEBUG io.netty.util.internal.InternalThreadLocalMap - -Dio.netty.threadLocalMap.stringBuilder.maxSize: 4096
07:54:59.662 [pool-2-thread-1] DEBUG io.netty.handler.ssl.JdkSslContext - Default protocols (JDK): [TLSv1.2, TLSv1.1, TLSv1] 
07:54:59.662 [pool-2-thread-1] DEBUG io.netty.handler.ssl.JdkSslContext - Default cipher suites (JDK): [TLS_ECDHE_ECDSA_WITH_AES_256_GCM_SHA384, TLS_ECDHE_ECDSA_WITH_AES_128_GCM_SHA256, TLS_ECDHE_RSA_WITH_AES_128_GCM_SHA256, TLS_ECDHE_RSA_WITH_AES_256_GCM_SHA384, TLS_ECDHE_RSA_WITH_AES_128_CBC_SHA, TLS_ECDHE_RSA_WITH_AES_256_CBC_SHA, TLS_RSA_WITH_AES_128_GCM_SHA256, TLS_RSA_WITH_AES_128_CBC_SHA, TLS_RSA_WITH_AES_256_CBC_SHA, TLS_AES_128_GCM_SHA256, TLS_AES_256_GCM_SHA384]
07:54:59.728 [pool-2-thread-1] DEBUG io.netty.channel.MultithreadEventLoopGroup - -Dio.netty.eventLoopThreads: 8
07:54:59.755 [pool-2-thread-1] DEBUG io.netty.channel.nio.NioEventLoop - -Dio.netty.noKeySetOptimization: false
07:54:59.755 [pool-2-thread-1] DEBUG io.netty.channel.nio.NioEventLoop - -Dio.netty.selectorAutoRebuildThreshold: 512
07:54:59.792 [pool-2-thread-1] TRACE io.netty.channel.nio.NioEventLoop - instrumented a special java.util.Set into: sun.nio.ch.WindowsSelectorImpl@50e7a6d6
07:54:59.794 [pool-2-thread-1] TRACE io.netty.channel.nio.NioEventLoop - instrumented a special java.util.Set into: sun.nio.ch.WindowsSelectorImpl@3f58090c
07:54:59.796 [pool-2-thread-1] TRACE io.netty.channel.nio.NioEventLoop - instrumented a special java.util.Set into: sun.nio.ch.WindowsSelectorImpl@52e4d927
07:54:59.798 [pool-2-thread-1] TRACE io.netty.channel.nio.NioEventLoop - instrumented a special java.util.Set into: sun.nio.ch.WindowsSelectorImpl@518f1543
07:54:59.799 [pool-2-thread-1] TRACE io.netty.channel.nio.NioEventLoop - instrumented a special java.util.Set into: sun.nio.ch.WindowsSelectorImpl@46d97c5f
07:54:59.801 [pool-2-thread-1] TRACE io.netty.channel.nio.NioEventLoop - instrumented a special java.util.Set into: sun.nio.ch.WindowsSelectorImpl@39b60de1
07:54:59.802 [pool-2-thread-1] TRACE io.netty.channel.nio.NioEventLoop - instrumented a special java.util.Set into: sun.nio.ch.WindowsSelectorImpl@4d6fc611
07:54:59.804 [pool-2-thread-1] TRACE io.netty.channel.nio.NioEventLoop - instrumented a special java.util.Set into: sun.nio.ch.WindowsSelectorImpl@64e3f7f2
07:54:59.854 [pool-2-thread-1] DEBUG io.netty.buffer.PooledByteBufAllocator - -Dio.netty.allocator.numHeapArenas: 8
07:54:59.854 [pool-2-thread-1] DEBUG io.netty.buffer.PooledByteBufAllocator - -Dio.netty.allocator.numDirectArenas: 8
07:54:59.854 [pool-2-thread-1] DEBUG io.netty.buffer.PooledByteBufAllocator - -Dio.netty.allocator.pageSize: 8192
07:54:59.854 [pool-2-thread-1] DEBUG io.netty.buffer.PooledByteBufAllocator - -Dio.netty.allocator.maxOrder: 11
07:54:59.854 [pool-2-thread-1] DEBUG io.netty.buffer.PooledByteBufAllocator - -Dio.netty.allocator.chunkSize: 16777216
07:54:59.855 [pool-2-thread-1] DEBUG io.netty.buffer.PooledByteBufAllocator - -Dio.netty.allocator.smallCacheSize: 256
07:54:59.855 [pool-2-thread-1] DEBUG io.netty.buffer.PooledByteBufAllocator - -Dio.netty.allocator.normalCacheSize: 64
07:54:59.855 [pool-2-thread-1] DEBUG io.netty.buffer.PooledByteBufAllocator - -Dio.netty.allocator.maxCachedBufferCapacity: 32768
07:54:59.855 [pool-2-thread-1] DEBUG io.netty.buffer.PooledByteBufAllocator - -Dio.netty.allocator.cacheTrimInterval: 8192
07:54:59.856 [pool-2-thread-1] DEBUG io.netty.buffer.PooledByteBufAllocator - -Dio.netty.allocator.cacheTrimIntervalMillis: 0
07:54:59.857 [pool-2-thread-1] DEBUG io.netty.buffer.PooledByteBufAllocator - -Dio.netty.allocator.useCacheForAllThreads: true
07:54:59.857 [pool-2-thread-1] DEBUG io.netty.buffer.PooledByteBufAllocator - -Dio.netty.allocator.maxCachedByteBuffersPerChunk: 1023
07:54:59.892 [pool-2-thread-1] DEBUG io.netty.buffer.ByteBufUtil - -Dio.netty.allocator.type: pooled
07:54:59.892 [pool-2-thread-1] DEBUG io.netty.buffer.ByteBufUtil - -Dio.netty.threadLocalDirectBufferSize: 0
07:54:59.892 [pool-2-thread-1] DEBUG io.netty.buffer.ByteBufUtil - -Dio.netty.maxThreadLocalCharBufferSize: 16384
07:55:01.904 [Forwarding newSession on session null to remote] DEBUG io.netty.channel.DefaultChannelId - -Dio.netty.processId: 11684 (auto-detected)
07:55:01.909 [Forwarding newSession on session null to remote] DEBUG io.netty.util.NetUtil - -Djava.net.preferIPv4Stack: false
07:55:01.909 [Forwarding newSession on session null to remote] DEBUG io.netty.util.NetUtil - -Djava.net.preferIPv6Addresses: false
07:55:02.318 [Forwarding newSession on session null to remote] DEBUG io.netty.util.NetUtilInitializations - Loopback interface: lo (Software Loopback Interface 1, 127.0.0.1)
07:55:02.319 [Forwarding newSession on session null to remote] DEBUG io.netty.util.NetUtil - Failed to get SOMAXCONN from sysctl and file \proc\sys\net\core\somaxconn. Default: 200
07:55:02.710 [Forwarding newSession on session null to remote] DEBUG io.netty.channel.DefaultChannelId - -Dio.netty.machineId: 7c:67:a2:ff:fe:63:71:fd (auto-detected)
07:55:02.868 [AsyncHttpClient-1-3] DEBUG io.netty.buffer.AbstractByteBuf - -Dio.netty.buffer.checkAccessible: true
07:55:02.869 [AsyncHttpClient-1-3] DEBUG io.netty.buffer.AbstractByteBuf - -Dio.netty.buffer.checkBounds: true
07:55:02.869 [AsyncHttpClient-1-3] DEBUG io.netty.util.ResourceLeakDetectorFactory - Loaded default ResourceLeakDetector: io.netty.util.ResourceLeakDetector@7a68c56b
07:55:02.904 [AsyncHttpClient-1-3] DEBUG io.netty.util.Recycler - -Dio.netty.recycler.maxCapacityPerThread: 4096
07:55:02.904 [AsyncHttpClient-1-3] DEBUG io.netty.util.Recycler - -Dio.netty.recycler.maxSharedCapacityFactor: 2
07:55:02.904 [AsyncHttpClient-1-3] DEBUG io.netty.util.Recycler - -Dio.netty.recycler.linkCapacity: 16
07:55:02.904 [AsyncHttpClient-1-3] DEBUG io.netty.util.Recycler - -Dio.netty.recycler.ratio: 8
07:55:02.904 [AsyncHttpClient-1-3] DEBUG io.netty.util.Recycler - -Dio.netty.recycler.delayedQueue.ratio: 8
07:55:10.406 [pool-2-thread-2] DEBUG io.netty.util.internal.ThreadLocalRandom - -Dio.netty.initialSeedUniquifier: 0x993215166f6c3b45
07:55:25.793 [pool-2-thread-2] INFO  stepDefinitions.steps - clicked on login link
07:55:25.975 [pool-2-thread-2] INFO  stepDefinitions.steps - Provided Email 
07:55:26.118 [pool-2-thread-2] INFO  stepDefinitions.steps - Provided Password 
07:55:28.102 [pool-2-thread-1] INFO  stepDefinitions.steps - Register Account page displayed 
07:55:28.284 [pool-2-thread-1] INFO  stepDefinitions.steps - Provided First Name 
07:55:28.510 [pool-2-thread-1] INFO  stepDefinitions.steps - Provided Last Name 
07:55:28.696 [pool-2-thread-1] INFO  stepDefinitions.steps - Provided Email 
07:55:28.835 [pool-2-thread-1] INFO  stepDefinitions.steps - Provided Telephone 
07:55:29.113 [pool-2-thread-2] INFO  stepDefinitions.steps - Clicked on Login button
07:55:29.150 [pool-2-thread-1] INFO  stepDefinitions.steps - Provided Password 
07:55:29.325 [pool-2-thread-1] INFO  stepDefinitions.steps - Provided Confrmed Password 
07:55:30.241 [pool-2-thread-2] INFO  stepDefinitions.steps - Login Success 
07:55:32.482 [pool-2-thread-1] INFO  stepDefinitions.steps - Clicked on Continue 
07:55:33.068 [pool-2-thread-1] INFO  stepDefinitions.steps - Account Registration Success 
07:55:33.447 [AsyncHttpClient-1-5] DEBUG io.netty.buffer.PoolThreadCache - Freed 3 thread-local buffer(s) from thread: AsyncHttpClient-1-5
07:55:33.447 [AsyncHttpClient-1-4] DEBUG io.netty.buffer.PoolThreadCache - Freed 2 thread-local buffer(s) from thread: AsyncHttpClient-1-4
09:36:29.461 [main] DEBUG io.netty.util.internal.logging.InternalLoggerFactory - Using Log4J2 as the default logging framework
09:36:29.489 [main] DEBUG io.netty.util.ResourceLeakDetector - -Dio.netty.leakDetection.level: simple
09:36:29.489 [main] DEBUG io.netty.util.ResourceLeakDetector - -Dio.netty.leakDetection.targetRecords: 4
09:36:29.495 [main] DEBUG io.netty.util.ResourceLeakDetectorFactory - Loaded default ResourceLeakDetector: io.netty.util.ResourceLeakDetector@5a5c128
09:36:29.523 [main] DEBUG io.netty.util.internal.PlatformDependent - Platform: Windows
09:36:29.526 [main] DEBUG io.netty.util.internal.PlatformDependent0 - -Dio.netty.noUnsafe: false
09:36:29.526 [main] DEBUG io.netty.util.internal.PlatformDependent0 - Java version: 8
09:36:29.527 [main] DEBUG io.netty.util.internal.PlatformDependent0 - sun.misc.Unsafe.theUnsafe: available
09:36:29.528 [main] DEBUG io.netty.util.internal.PlatformDependent0 - sun.misc.Unsafe.copyMemory: available
09:36:29.529 [main] DEBUG io.netty.util.internal.PlatformDependent0 - java.nio.Buffer.address: available
09:36:29.529 [main] DEBUG io.netty.util.internal.PlatformDependent0 - direct buffer constructor: available
09:36:29.530 [main] DEBUG io.netty.util.internal.PlatformDependent0 - java.nio.Bits.unaligned: available, true
09:36:29.531 [main] DEBUG io.netty.util.internal.PlatformDependent0 - jdk.internal.misc.Unsafe.allocateUninitializedArray(int): unavailable prior to Java9
09:36:29.531 [main] DEBUG io.netty.util.internal.PlatformDependent0 - java.nio.DirectByteBuffer.<init>(long, int): available
09:36:29.531 [main] DEBUG io.netty.util.internal.PlatformDependent - sun.misc.Unsafe: available
09:36:29.531 [main] DEBUG io.netty.util.internal.PlatformDependent - -Dio.netty.tmpdir: C:\Users\admin\AppData\Local\Temp (java.io.tmpdir)
09:36:29.532 [main] DEBUG io.netty.util.internal.PlatformDependent - -Dio.netty.bitMode: 64 (sun.arch.data.model)
09:36:29.534 [main] DEBUG io.netty.util.internal.PlatformDependent - -Dio.netty.maxDirectMemory: 2801795072 bytes
09:36:29.534 [main] DEBUG io.netty.util.internal.PlatformDependent - -Dio.netty.uninitializedArrayAllocationThreshold: -1
09:36:29.535 [main] DEBUG io.netty.util.internal.CleanerJava6 - java.nio.ByteBuffer.cleaner(): available
09:36:29.535 [main] DEBUG io.netty.util.internal.PlatformDependent - -Dio.netty.noPreferDirect: false
09:36:29.546 [main] DEBUG io.netty.util.internal.PlatformDependent - org.jctools-core.MpscChunkedArrayQueue: available
09:36:29.643 [main] DEBUG io.netty.util.internal.InternalThreadLocalMap - -Dio.netty.threadLocalMap.stringBuilder.initialSize: 1024
09:36:29.644 [main] DEBUG io.netty.util.internal.InternalThreadLocalMap - -Dio.netty.threadLocalMap.stringBuilder.maxSize: 4096
09:36:29.674 [main] DEBUG io.netty.handler.ssl.JdkSslContext - Default protocols (JDK): [TLSv1.2, TLSv1.1, TLSv1] 
09:36:29.674 [main] DEBUG io.netty.handler.ssl.JdkSslContext - Default cipher suites (JDK): [TLS_ECDHE_ECDSA_WITH_AES_256_GCM_SHA384, TLS_ECDHE_ECDSA_WITH_AES_128_GCM_SHA256, TLS_ECDHE_RSA_WITH_AES_128_GCM_SHA256, TLS_ECDHE_RSA_WITH_AES_256_GCM_SHA384, TLS_ECDHE_RSA_WITH_AES_128_CBC_SHA, TLS_ECDHE_RSA_WITH_AES_256_CBC_SHA, TLS_RSA_WITH_AES_128_GCM_SHA256, TLS_RSA_WITH_AES_128_CBC_SHA, TLS_RSA_WITH_AES_256_CBC_SHA, TLS_AES_128_GCM_SHA256, TLS_AES_256_GCM_SHA384]
09:36:29.770 [main] DEBUG io.netty.channel.MultithreadEventLoopGroup - -Dio.netty.eventLoopThreads: 8
09:36:29.790 [main] DEBUG io.netty.channel.nio.NioEventLoop - -Dio.netty.noKeySetOptimization: false
